# JRE version: OpenJDK Runtime Environment (8.0_242-b08) (build 1.8.0_242-8u242-b08-0ubuntu3~18.04-b08)
# Java VM: OpenJDK 64-Bit Server VM (25.242-b08 mixed mode linux-amd64 compressed oops)
Heap:
 PSYoungGen      total 548864K, used 106508K [0x00000000d7700000, 0x00000000ffe00000, 0x0000000100000000)
  eden space 547840K, 19% used [0x00000000d7700000,0x00000000dde681f8,0x00000000f8e00000)
  from space 1024K, 60% used [0x00000000ffb80000,0x00000000ffc1afb8,0x00000000ffc80000)
  to   space 1536K, 0% used [0x00000000ffc80000,0x00000000ffc80000,0x00000000ffe00000)
 ParOldGen       total 89088K, used 37411K [0x0000000086400000, 0x000000008bb00000, 0x00000000d7700000)
  object space 89088K, 41% used [0x0000000086400000,0x0000000088888d48,0x000000008bb00000)
 Metaspace       used 20945K, capacity 21284K, committed 21760K, reserved 1069056K
  class space    used 2089K, capacity 2186K, committed 2304K, reserved 1048576K
GC Heap History (10 events):
Event: 320.600 GC heap before
{Heap before GC invocations=251 (full 2):
 PSYoungGen      total 652800K, used 652480K [0x00000000d7700000, 0x00000000ffe80000, 0x0000000100000000)
  eden space 652288K, 100% used [0x00000000d7700000,0x00000000ff400000,0x00000000ff400000)
  from space 512K, 37% used [0x00000000ffe00000,0x00000000ffe30000,0x00000000ffe80000)
  to   space 1536K, 0% used [0x00000000ffb80000,0x00000000ffb80000,0x00000000ffd00000)
 ParOldGen       total 89088K, used 37176K [0x0000000086400000, 0x000000008bb00000, 0x00000000d7700000)
  object space 89088K, 41% used [0x0000000086400000,0x000000008884e3d0,0x000000008bb00000)
 Metaspace       used 20863K, capacity 21156K, committed 21504K, reserved 1069056K
  class space    used 2088K, capacity 2186K, committed 2304K, reserved 1048576K
Event: 320.602 GC heap after
Heap after GC invocations=251 (full 2):
 PSYoungGen      total 661504K, used 192K [0x00000000d7700000, 0x0000000100000000, 0x0000000100000000)
  eden space 659968K, 0% used [0x00000000d7700000,0x00000000d7700000,0x00000000ffb80000)
  from space 1536K, 12% used [0x00000000ffb80000,0x00000000ffbb0000,0x00000000ffd00000)
  to   space 1536K, 0% used [0x00000000ffe80000,0x00000000ffe80000,0x0000000100000000)
 ParOldGen       total 89088K, used 37232K [0x0000000086400000, 0x000000008bb00000, 0x00000000d7700000)
  object space 89088K, 41% used [0x0000000086400000,0x000000008885c3d0,0x000000008bb00000)
 Metaspace       used 20863K, capacity 21156K, committed 21504K, reserved 1069056K
  class space    used 2088K, capacity 2186K, committed 2304K, reserved 1048576K
}
Event: 321.564 GC heap before
{Heap before GC invocations=252 (full 2):
 PSYoungGen      total 661504K, used 660160K [0x00000000d7700000, 0x0000000100000000, 0x0000000100000000)
  eden space 659968K, 100% used [0x00000000d7700000,0x00000000ffb80000,0x00000000ffb80000)
  from space 1536K, 12% used [0x00000000ffb80000,0x00000000ffbb0000,0x00000000ffd00000)
  to   space 1536K, 0% used [0x00000000ffe80000,0x00000000ffe80000,0x0000000100000000)
 ParOldGen       total 89088K, used 37232K [0x0000000086400000, 0x000000008bb00000, 0x00000000d7700000)
  object space 89088K, 41% used [0x0000000086400000,0x000000008885c3d0,0x000000008bb00000)
 Metaspace       used 20864K, capacity 21156K, committed 21504K, reserved 1069056K
  class space    used 2088K, capacity 2186K, committed 2304K, reserved 1048576K
Event: 321.565 GC heap after
Heap after GC invocations=252 (full 2):
 PSYoungGen      total 630784K, used 544K [0x00000000d7700000, 0x00000000fff80000, 0x0000000100000000)
  eden space 629760K, 0% used [0x00000000d7700000,0x00000000d7700000,0x00000000fde00000)
  from space 1024K, 53% used [0x00000000ffe80000,0x00000000fff08000,0x00000000fff80000)
  to   space 1536K, 0% used [0x00000000ffc80000,0x00000000ffc80000,0x00000000ffe00000)
 ParOldGen       total 89088K, used 37232K [0x0000000086400000, 0x000000008bb00000, 0x00000000d7700000)
  object space 89088K, 41% used [0x0000000086400000,0x000000008885c3d0,0x000000008bb00000)
 Metaspace       used 20864K, capacity 21156K, committed 21504K, reserved 1069056K
  class space    used 2088K, capacity 2186K, committed 2304K, reserved 1048576K
}
Event: 322.939 GC heap before
{Heap before GC invocations=253 (full 2):
 PSYoungGen      total 630784K, used 630304K [0x00000000d7700000, 0x00000000fff80000, 0x0000000100000000)
  eden space 629760K, 100% used [0x00000000d7700000,0x00000000fde00000,0x00000000fde00000)
  from space 1024K, 53% used [0x00000000ffe80000,0x00000000fff08000,0x00000000fff80000)
  to   space 1536K, 0% used [0x00000000ffc80000,0x00000000ffc80000,0x00000000ffe00000)
 ParOldGen       total 89088K, used 37232K [0x0000000086400000, 0x000000008bb00000, 0x00000000d7700000)
  object space 89088K, 41% used [0x0000000086400000,0x000000008885c3d0,0x000000008bb00000)
 Metaspace       used 20867K, capacity 21156K, committed 21504K, reserved 1069056K
  class space    used 2088K, capacity 2186K, committed 2304K, reserved 1048576K
Event: 322.941 GC heap after
Heap after GC invocations=253 (full 2):
 PSYoungGen      total 602112K, used 997K [0x00000000d7700000, 0x00000000fff00000, 0x0000000100000000)
  eden space 601088K, 0% used [0x00000000d7700000,0x00000000d7700000,0x00000000fc200000)
  from space 1024K, 97% used [0x00000000ffc80000,0x00000000ffd79410,0x00000000ffd80000)
  to   space 1536K, 0% used [0x00000000ffd80000,0x00000000ffd80000,0x00000000fff00000)
 ParOldGen       total 89088K, used 37379K [0x0000000086400000, 0x000000008bb00000, 0x00000000d7700000)
  object space 89088K, 41% used [0x0000000086400000,0x0000000088880d48,0x000000008bb00000)
 Metaspace       used 20867K, capacity 21156K, committed 21504K, reserved 1069056K
  class space    used 2088K, capacity 2186K, committed 2304K, reserved 1048576K
}
Event: 324.093 GC heap before
{Heap before GC invocations=254 (full 2):
 PSYoungGen      total 602112K, used 602085K [0x00000000d7700000, 0x00000000fff00000, 0x0000000100000000)
  eden space 601088K, 100% used [0x00000000d7700000,0x00000000fc200000,0x00000000fc200000)
  from space 1024K, 97% used [0x00000000ffc80000,0x00000000ffd79410,0x00000000ffd80000)
  to   space 1536K, 0% used [0x00000000ffd80000,0x00000000ffd80000,0x00000000fff00000)
 ParOldGen       total 89088K, used 37379K [0x0000000086400000, 0x000000008bb00000, 0x00000000d7700000)
  object space 89088K, 41% used [0x0000000086400000,0x0000000088880d48,0x000000008bb00000)
 Metaspace       used 20870K, capacity 21220K, committed 21504K, reserved 1069056K
  class space    used 2088K, capacity 2186K, committed 2304K, reserved 1048576K
Event: 324.095 GC heap after
Heap after GC invocations=254 (full 2):
 PSYoungGen      total 574976K, used 576K [0x00000000d7700000, 0x00000000ffe80000, 0x0000000100000000)
  eden space 573952K, 0% used [0x00000000d7700000,0x00000000d7700000,0x00000000fa780000)
  from space 1024K, 56% used [0x00000000ffd80000,0x00000000ffe10000,0x00000000ffe80000)
  to   space 1536K, 0% used [0x00000000ffb80000,0x00000000ffb80000,0x00000000ffd00000)
 ParOldGen       total 89088K, used 37387K [0x0000000086400000, 0x000000008bb00000, 0x00000000d7700000)
  object space 89088K, 41% used [0x0000000086400000,0x0000000088882d48,0x000000008bb00000)
 Metaspace       used 20870K, capacity 21220K, committed 21504K, reserved 1069056K
  class space    used 2088K, capacity 2186K, committed 2304K, reserved 1048576K
}
Event: 325.257 GC heap before
{Heap before GC invocations=255 (full 2):
 PSYoungGen      total 574976K, used 574528K [0x00000000d7700000, 0x00000000ffe80000, 0x0000000100000000)
  eden space 573952K, 100% used [0x00000000d7700000,0x00000000fa780000,0x00000000fa780000)
  from space 1024K, 56% used [0x00000000ffd80000,0x00000000ffe10000,0x00000000ffe80000)
  to   space 1536K, 0% used [0x00000000ffb80000,0x00000000ffb80000,0x00000000ffd00000)
 ParOldGen       total 89088K, used 37387K [0x0000000086400000, 0x000000008bb00000, 0x00000000d7700000)
  object space 89088K, 41% used [0x0000000086400000,0x0000000088882d48,0x000000008bb00000)
 Metaspace       used 20926K, capacity 21220K, committed 21504K, reserved 1069056K
  class space    used 2088K, capacity 2186K, committed 2304K, reserved 1048576K
Event: 325.259 GC heap after
Heap after GC invocations=255 (full 2):
 PSYoungGen      total 548864K, used 619K [0x00000000d7700000, 0x00000000ffe00000, 0x0000000100000000)
  eden space 547840K, 0% used [0x00000000d7700000,0x00000000d7700000,0x00000000f8e00000)
  from space 1024K, 60% used [0x00000000ffb80000,0x00000000ffc1afb8,0x00000000ffc80000)
  to   space 1536K, 0% used [0x00000000ffc80000,0x00000000ffc80000,0x00000000ffe00000)
 ParOldGen       total 89088K, used 37411K [0x0000000086400000, 0x000000008bb00000, 0x00000000d7700000)
  object space 89088K, 41% used [0x0000000086400000,0x0000000088888d48,0x000000008bb00000)
 Metaspace       used 20926K, capacity 21220K, committed 21504K, reserved 1069056K
  class space    used 2088K, capacity 2186K, committed 2304K, reserved 1048576K
}

